<?xml version="1.0" encoding="UTF-8"?>
<!-- Generated by org.testng.reporters.JUnitReportReporter -->
<testsuite skipped="0" hostname="LAPTOP-SMSC3E5O" name="com.qa.SearchEngineTest" tests="3" failures="0" timestamp="2022-01-07T04:00:26 EST" time="31.008" errors="0">
  <testcase name="SearchKeyword" time="9.677" classname="com.qa.SearchEngineTest"/>
  <testcase name="TotalLinkAttribute" time="12.447" classname="com.qa.SearchEngineTest"/>
  <testcase name="TotalLinkText" time="8.884" classname="com.qa.SearchEngineTest"/>
</testsuite> <!-- com.qa.SearchEngineTest -->
