<?xml version="1.0" encoding="UTF-8"?>
<!-- Generated by org.testng.reporters.JUnitReportReporter -->
<testsuite skipped="0" hostname="LAPTOP-SMSC3E5O" name="com.qa.SearchEngine" tests="3" failures="0" timestamp="2022-01-07T17:21:52 EST" time="45.073" errors="0">
  <testcase name="TotalLinkAttribute" time="16.681" classname="com.qa.SearchEngine"/>
  <testcase name="SearchKeyword" time="18.531" classname="com.qa.SearchEngine"/>
  <testcase name="TotalLinkText" time="9.861" classname="com.qa.SearchEngine"/>
</testsuite> <!-- com.qa.SearchEngine -->
