<?xml version="1.0" encoding="UTF-8"?>
<!-- Generated by org.testng.reporters.JUnitReportReporter -->
<testsuite skipped="0" hostname="LAPTOP-SMSC3E5O" name="com.qa.SearchEngineTestTest" tests="1" failures="0" timestamp="2022-01-07T03:08:43 EST" time="16.500" errors="0">
  <testcase name="Browser" time="16.500" classname="com.qa.SearchEngineTestTest"/>
</testsuite> <!-- com.qa.SearchEngineTestTest -->
